01:07:20 **** Incremental Build of configuration Debug for project 01_LED_ToggleWithSystick ****
make all 
Building file: ../src/main.c
Invoking: Cross ARM GNU C Compiler
arm-none-eabi-gcc -mcpu=cortex-m4 -mthumb -mfloat-abi=soft -Og -fmessage-length=0 -fsigned-char -ffunction-sections -fdata-sections -ffreestanding -fno-move-loop-invariants -Wall -Wextra  -g3 -DDEBUG -DUSE_FULL_ASSERT -DTRACE -DOS_USE_TRACE_SEMIHOSTING_DEBUG -DSTM32F401xC -DUSE_HAL_DRIVER -DHSE_VALUE=25000000 -I"../include" -I"../system/include" -I"../system/include/cmsis" -I"../system/include/stm32f4-hal" -std=gnu11 -MMD -MP -MF"src/main.d" -MT"src/main.o" -c -o "src/main.o" "../src/main.c"
Finished building: ../src/main.c
 
Building target: 01_LED_ToggleWithSystick.elf
Invoking: Cross ARM GNU C++ Linker
arm-none-eabi-g++ -mcpu=cortex-m4 -mthumb -mfloat-abi=soft -Og -fmessage-length=0 -fsigned-char -ffunction-sections -fdata-sections -ffreestanding -fno-move-loop-invariants -Wall -Wextra  -g3 -T mem.ld -T libs.ld -T sections.ld -nostartfiles -Xlinker --gc-sections -L"../ldscripts" -Wl,-Map,"01_LED_ToggleWithSystick.map" --specs=nano.specs -o "01_LED_ToggleWithSystick.elf"  ./system/src/stm32f4-hal/stm32f4xx_hal.o ./system/src/stm32f4-hal/stm32f4xx_hal_cortex.o ./system/src/stm32f4-hal/stm32f4xx_hal_dfsdm.o ./system/src/stm32f4-hal/stm32f4xx_hal_flash.o ./system/src/stm32f4-hal/stm32f4xx_hal_gpio.o ./system/src/stm32f4-hal/stm32f4xx_hal_iwdg.o ./system/src/stm32f4-hal/stm32f4xx_hal_pwr.o ./system/src/stm32f4-hal/stm32f4xx_hal_rcc.o  ./system/src/newlib/_cxx.o ./system/src/newlib/_exit.o ./system/src/newlib/_sbrk.o ./system/src/newlib/_startup.o ./system/src/newlib/_syscalls.o ./system/src/newlib/assert.o  ./system/src/diag/Trace.o ./system/src/diag/trace_impl.o  ./system/src/cortexm/_initialize_hardware.o ./system/src/cortexm/_reset_hardware.o ./system/src/cortexm/exception_handlers.o  ./system/src/cmsis/system_stm32f4xx.o ./system/src/cmsis/vectors_stm32f401xc.o  ./src/MGPIO_program.o ./src/MRCC_prog.o ./src/MSYSTICK_Program.o ./src/main.o   
Finished building target: 01_LED_ToggleWithSystick.elf
 
Invoking: Cross ARM GNU Create Flash Image
arm-none-eabi-objcopy -O ihex "01_LED_ToggleWithSystick.elf"  "01_LED_ToggleWithSystick.hex"
Finished building: 01_LED_ToggleWithSystick.hex
 
Invoking: Cross ARM GNU Print Size
arm-none-eabi-size --format=berkeley "01_LED_ToggleWithSystick.elf"
   text	   data	    bss	    dec	    hex	filename
   5431	    160	    416	   6007	   1777	01_LED_ToggleWithSystick.elf
Finished building: 01_LED_ToggleWithSystick.siz
 
01:07:51 **** Incremental Build of configuration Debug for project 01_LED_ToggleWithSystick ****
make all 
Invoking: Cross ARM GNU Print Size
arm-none-eabi-size --format=berkeley "01_LED_ToggleWithSystick.elf"
   text	   data	    bss	    dec	    hex	filename
   5431	    160	    416	   6007	   1777	01_LED_ToggleWithSystick.elf
Finished building: 01_LED_ToggleWithSystick.siz
 
